0 info it worked if it ends with ok
1 verbose cli [ '/usr/local/bin/node', '/usr/local/bin/npm', 'publish' ]
2 info using npm@1.4.28
3 info using node@v0.10.36
4 verbose publish [ '.' ]
5 verbose cache add [ '.', null ]
6 verbose cache add name=undefined spec="." args=[".",null]
7 verbose parsed url { protocol: null,
7 verbose parsed url   slashes: null,
7 verbose parsed url   auth: null,
7 verbose parsed url   host: null,
7 verbose parsed url   port: null,
7 verbose parsed url   hostname: null,
7 verbose parsed url   hash: null,
7 verbose parsed url   search: null,
7 verbose parsed url   query: null,
7 verbose parsed url   pathname: '.',
7 verbose parsed url   path: '.',
7 verbose parsed url   href: '.' }
8 silly lockFile 3a52ce78- .
9 verbose lock . /Users/artem/.npm/3a52ce78-.lock
10 verbose tar pack [ '/Users/artem/.npm/atlant.js/0.4.5/package.tgz', '.' ]
11 verbose tarball /Users/artem/.npm/atlant.js/0.4.5/package.tgz
12 verbose folder .
13 info prepublish atlant.js@0.4.5
14 silly lockFile 1f1177db-tar tar://.
15 verbose lock tar://. /Users/artem/.npm/1f1177db-tar.lock
16 silly lockFile 1eb7fceb--npm-atlant-js-0-4-5-package-tgz tar:///Users/artem/.npm/atlant.js/0.4.5/package.tgz
17 verbose lock tar:///Users/artem/.npm/atlant.js/0.4.5/package.tgz /Users/artem/.npm/1eb7fceb--npm-atlant-js-0-4-5-package-tgz.lock
18 silly lockFile 1f1177db-tar tar://.
19 silly lockFile 1f1177db-tar tar://.
20 silly lockFile 1eb7fceb--npm-atlant-js-0-4-5-package-tgz tar:///Users/artem/.npm/atlant.js/0.4.5/package.tgz
21 silly lockFile 1eb7fceb--npm-atlant-js-0-4-5-package-tgz tar:///Users/artem/.npm/atlant.js/0.4.5/package.tgz
22 silly lockFile 8c2da052-rtem-npm-atlant-js-0-4-5-package /Users/artem/.npm/atlant.js/0.4.5/package
23 verbose lock /Users/artem/.npm/atlant.js/0.4.5/package /Users/artem/.npm/8c2da052-rtem-npm-atlant-js-0-4-5-package.lock
24 silly lockFile 8c2da052-rtem-npm-atlant-js-0-4-5-package /Users/artem/.npm/atlant.js/0.4.5/package
25 silly lockFile 8c2da052-rtem-npm-atlant-js-0-4-5-package /Users/artem/.npm/atlant.js/0.4.5/package
26 silly lockFile 3a52ce78- .
27 silly lockFile 3a52ce78- .
28 silly publish { name: 'atlant.js',
28 silly publish   version: '0.4.5',
28 silly publish   description: 'Atlant.js is an application flow/routing framework for React.js. It provides robust routing and dependency injection mechanism. It uses bacon.js streams to rule all out.',
28 silly publish   homepage: '',
28 silly publish   main: 'src/atlant.js',
28 silly publish   devDependencies:
28 silly publish    { 'gulp-traceur': '~0.4.0',
28 silly publish      'gulp-browserify': '~0.5.0',
28 silly publish      gulp: '~3.6.2',
28 silly publish      envify: '~1.2.1',
28 silly publish      react: '~0.10.0',
28 silly publish      connect: '^3.0.2',
28 silly publish      'gulp-plumber': '~0.6.3',
28 silly publish      'gulp-watch': '~0.6.6-1',
28 silly publish      'gulp-if': '~1.2.1',
28 silly publish      'vinyl-source-stream': '~0.1.1',
28 silly publish      literalify: '~0.3.0',
28 silly publish      browserify: '~4.2.1',
28 silly publish      'serve-static': '^1.3.2',
28 silly publish      'browserify-livescript': '0.0.2',
28 silly publish      baconjs: '~0.7.22',
28 silly publish      promise: '~6.0.0' },
28 silly publish   engines: { node: '>=0.10.0' },
28 silly publish   dependencies: { sweetify: '~0.4.0' },
28 silly publish   readme: '#Atlant.js\nAtlant.js is a micro-routing framework for React.js\n\nIt provides robust routing and dependency injection mechanism. \n\nIt uses bacon.js streams to work.\n\nExamples and documentation are on the way.\n\nThe slides folder have slides of April 10 of 2014. \nThe talk was about previous version of atlant.js named routeStreams.js.\nDSL is a little obsolete.\n\n##Where is the angular.js version?\n\n```js\nsrc/angular/ng-s-atlant-route.js // main service, which accepts routes declarations.\nsrc/angular/ng-s-atlant-params.js // service, which publish route params info\nsrc/angular/ng-s-atlant-utils.js // internal utilities (do not use :)\n```\n\n##Which renders available?\n\n- react render\n\n##Installation\n\n```sh\nbower install atlant.js\n```\n\n\nadd to you index.html:\n\n```html\n<script src="lodash.min.js" type="text/javascipt"></script>\n<script src="bacon.min.js" type="text/javascipt"></script>\n<script src="atlant.js" type="text/javascipt"></script>\n```\n\n## API\n\nOn it\'s way.\n\n### Flow\n\nAtlant watches when you touch links and manages them. \nuse a attribute data-atlant="ignore" to skip this.\n\n## How it look\'s like?\n\n```js\natlant \n    .when(\'/\')   \n        .render(<Home/>)  \n    .when(\'login\')  \n        .render(<Login/>)  \n    .when(\'profile\')  \n        .depends($.get(\'/api/something\'))  \n            .inject(\'something\', \'.a.b[10].c{id=10}.d\')  \n        .and($.get(\'/api/posts\'))  \n            .inject(\'posts\')  \n            .if( u => !u.length )  \n                .redirect(\'/404\')  \n            .if( u => u.length )  \n                .depends(u => $get(\'/api/post/\'+ u.posts.unshift().id))  \n                    .inject(\'post\')  \n                        .render(<PostsList/>)  \n    .all()  \n        .fail()  \n            .render(<500/>, \'notificationArea\')  \n```\n\nAwesome isn\'t it?\n\n## Examples\n\nJust install dependencies and open examples/index.html in browser.\n```sh\nbower install\n```\n\nActually, no examples inside yet.\n\n\n',
28 silly publish   readmeFilename: 'README.md',
28 silly publish   gitHead: '03a7119e36788e631ac00539362f9bb3a0434e09',
28 silly publish   _id: 'atlant.js@0.4.5',
28 silly publish   scripts: {},
28 silly publish   _shasum: '371ebe09526770dfbeea717659e24c8308844069',
28 silly publish   _from: '.' }
29 verbose request where is /atlant.js
30 verbose request registry https://registry.npmjs.org/
31 verbose request id cddb599118ab67a1
32 verbose url raw /atlant.js
33 verbose url resolving [ 'https://registry.npmjs.org/', './atlant.js' ]
34 verbose url resolved https://registry.npmjs.org/atlant.js
35 verbose request where is https://registry.npmjs.org/atlant.js
36 info trying registry request attempt 1 at 11:36:41
37 http PUT https://registry.npmjs.org/atlant.js
38 http 409 https://registry.npmjs.org/atlant.js
39 verbose request where is /atlant.js?write=true
40 verbose request registry https://registry.npmjs.org/
41 verbose url raw /atlant.js?write=true
42 verbose url resolving [ 'https://registry.npmjs.org/', './atlant.js?write=true' ]
43 verbose url resolved https://registry.npmjs.org/atlant.js?write=true
44 verbose request where is https://registry.npmjs.org/atlant.js?write=true
45 info trying registry request attempt 1 at 11:36:44
46 http GET https://registry.npmjs.org/atlant.js?write=true
47 http 200 https://registry.npmjs.org/atlant.js?write=true
48 error publish fail Cannot publish over existing version.
48 error publish fail Update the 'version' field in package.json and try again.
48 error publish fail
48 error publish fail If the previous version was published in error, see:
48 error publish fail     npm help unpublish
48 error publish fail
48 error publish fail To automatically increment version numbers, see:
48 error publish fail     npm help version
49 error System Darwin 14.1.0
50 error command "/usr/local/bin/node" "/usr/local/bin/npm" "publish"
51 error cwd /Users/artem/sources/atlant.js
52 error node -v v0.10.36
53 error npm -v 1.4.28
54 error code EPUBLISHCONFLICT
55 verbose exit [ 1, true ]
